2021110
2021099
2021078
2021029
2020907
2020894
2020777
2020771
2020765
2020763
2020705
2020499
2020430
2020394
2020393
2020325
2020334
2020314
2020291
2020280
2020274
2020266
2020206
2020204
2020063
2020067
2020058
2020026
2020009
2020003
2020005
2019999
2019669
2019970
2016693
2019909
2019583
2019578
2019531
2019520
2019519
2019516
2019506
2019492
2019487
2019481
2019430
2019428
2019429
2019427
2019433
2019412
2019411
2019402
2019384
2019378
2019376
2019365
2019353
2019298
2019269
2019271
2019258
2019209
2019182
2019162
2019143
2019136
2018863
2018816
2018796
2018791
2018779
2018720
2018707
2018669
2018671
2018670
2018667
2018651
2018652
2018646
2018612
2018608
2018594
2018565
2018548
2018428
2018407
2018396
2018388
2018318
2018309
2018180
2018139
2018136
2018134
2018133
2018131
2018132
2018130
2018129
2018125
2018122
2018084
2018088
2018121
2018119
2018118
2018116
2018113
2018111
2018108
2018107
2018104
2018101
2018097
2018095
2018094
2018089
2018081
2018078
2018074
2018072
2018070
2018068
2018066
2018064
2018060
2018056
2018051
2018047
2018043
2018041
2018040
2018039
2018036
2018032
2017933
2017800
2017795
2017792
2017731
2017727
2017721
2017736
2017759
2017761
2017758
2017735
2017723
2017730
2017725
2017780
2017777
2017775
2017766
2017755
2017670
2017640
2017626
2017571
2017521
2017459
2017355
2017338
2017314
2017279
2017254
2017241
2017206
2017209
2017193
2017165
2017043
2017151
2017137
2017088
2017033
2017000
2016941
2016929
2016926
2016923
2016917
2016864
2016840
2016834
2016759
2016758
2016756
2016708
2016648
2016647
2016600
2016562
2016560
2016559
2016555
2016551
2016506
2016494
2016444
2016335
2016248
2016246
2016180
2016177
2016174
2016147
2016113
2016103
2016050
2016045
2016035
2015984
2015960
2015950
2015940
2015930
2015889
2015921
2015862
2015849
2015846
2015560
2015515
2015516
2015400
2015346
2015335
2015334
2015302
2015300
2015292
2015299
2015301
2015323
2015021
2015240
2015229
2015168
2015152
2015077
2015041
1914035
2014921
2014889
2014866
2014764
2014662
2014630
2014608
2014532
2014523
2014513
2014427
2014410
2014401
2014388
2014367
2014345
2014332
2014319
2014276
2014270
2014261
2014255
2014246
2014206
2014200
2014168
2014152
2014150
2014142
2014118
2014115
2014105
2013982
2013923
2013873
2013665
2013726
2013691
2013678
2013674
2013634
2013630
2013622
2013614
2013598
2013595
2013450
2013005
2013424
2013416
2013410
2013397
2013380
2013334
2013314
2013303
2013154
2013117
2013115
2013112
2013095
2013096
2012790
2012772
2012775
2012762
2012681
2012625
2012613
2012555
1952827
1952803
1023802
